<?xml version="1.0" encoding="UTF-8"?>
<testsuite name="com.sparta.springauth.BeanTest" tests="1" skipped="0" failures="0" errors="0" timestamp="2025-09-23T13:22:11.976Z" hostname="DESKTOP-S32J8AE" time="0.468">
  <properties/>
  <testcase name="테스트" classname="com.sparta.springauth.BeanTest" time="0.468"/>
  <system-out><![CDATA[22:22:10.725 [Test worker] INFO org.springframework.test.context.support.AnnotationConfigContextLoaderUtils -- Could not detect default configuration classes for test class [com.sparta.springauth.BeanTest]: BeanTest does not declare any static, non-private, non-final, nested classes annotated with @Configuration.
22:22:10.812 [Test worker] INFO org.springframework.boot.test.context.SpringBootTestContextBootstrapper -- Found @SpringBootConfiguration com.sparta.SpringAuthApplication for test class com.sparta.springauth.BeanTest

  .   ____          _            __ _ _
 /\\ / ___'_ __ _ _(_)_ __  __ _ \ \ \ \
( ( )\___ | '_ | '_| | '_ \/ _` | \ \ \ \
 \\/  ___)| |_)| | | | | || (_| |  ) ) ) )
  '  |____| .__|_| |_|_| |_\__, | / / / /
 =========|_|==============|___/=/_/_/_/

 :: Spring Boot ::                (v3.5.6)

2025-09-23T22:22:11.120+09:00  INFO 32072 --- [    Test worker] com.sparta.springauth.BeanTest           : Starting BeanTest using Java 17.0.15 with PID 32072 (started by jsok0 in C:\Users\jsok0\Desktop\Sparta\week3\spring-auth)
2025-09-23T22:22:11.121+09:00  INFO 32072 --- [    Test worker] com.sparta.springauth.BeanTest           : No active profile set, falling back to 1 default profile: "default"
2025-09-23T22:22:11.905+09:00  WARN 32072 --- [    Test worker] ion$DefaultTemplateResolverConfiguration : Cannot find template location: classpath:/templates/ (please add some templates, check your Thymeleaf configuration, or set spring.thymeleaf.check-template-location=false)
2025-09-23T22:22:11.963+09:00  INFO 32072 --- [    Test worker] com.sparta.springauth.BeanTest           : Started BeanTest in 1.03 seconds (process running for 1.908)
치킨을 먹습니다.
]]></system-out>
  <system-err><![CDATA[]]></system-err>
</testsuite>
