<?xml version="1.0" encoding="UTF-8"?>
<testsuite name="com.sparta.springauth.PasswordEncoderTest" tests="1" skipped="0" failures="0" errors="0" timestamp="2025-09-23T06:11:21.353Z" hostname="DESKTOP-S32J8AE" time="0.612">
  <properties/>
  <testcase name="수동 등록한 passwordEncoder를 주입 받아와 문자열 암호화" classname="com.sparta.springauth.PasswordEncoderTest" time="0.612"/>
  <system-out><![CDATA[15:11:20.089 [Test worker] INFO org.springframework.test.context.support.AnnotationConfigContextLoaderUtils -- Could not detect default configuration classes for test class [com.sparta.springauth.PasswordEncoderTest]: PasswordEncoderTest does not declare any static, non-private, non-final, nested classes annotated with @Configuration.
15:11:20.180 [Test worker] INFO org.springframework.boot.test.context.SpringBootTestContextBootstrapper -- Found @SpringBootConfiguration com.sparta.SpringAuthApplication for test class com.sparta.springauth.PasswordEncoderTest

  .   ____          _            __ _ _
 /\\ / ___'_ __ _ _(_)_ __  __ _ \ \ \ \
( ( )\___ | '_ | '_| | '_ \/ _` | \ \ \ \
 \\/  ___)| |_)| | | | | || (_| |  ) ) ) )
  '  |____| .__|_| |_|_| |_\__, | / / / /
 =========|_|==============|___/=/_/_/_/

 :: Spring Boot ::                (v3.5.6)

2025-09-23T15:11:20.494+09:00  INFO 21088 --- [    Test worker] c.sparta.springauth.PasswordEncoderTest  : Starting PasswordEncoderTest using Java 17.0.15 with PID 21088 (started by jsok0 in C:\Users\jsok0\Desktop\Sparta\week3\spring-auth)
2025-09-23T15:11:20.495+09:00  INFO 21088 --- [    Test worker] c.sparta.springauth.PasswordEncoderTest  : No active profile set, falling back to 1 default profile: "default"
2025-09-23T15:11:21.280+09:00  WARN 21088 --- [    Test worker] ion$DefaultTemplateResolverConfiguration : Cannot find template location: classpath:/templates/ (please add some templates, check your Thymeleaf configuration, or set spring.thymeleaf.check-template-location=false)
2025-09-23T15:11:21.340+09:00  INFO 21088 --- [    Test worker] c.sparta.springauth.PasswordEncoderTest  : Started PasswordEncoderTest in 1.035 seconds (process running for 2.035)
encodePassword = $2a$10$4q4u8v4YUMS6qCQleQ5qleR..d2NNHVFeVi.Q2OZ80hx8CF1iaMhu
matches = false
]]></system-out>
  <system-err><![CDATA[]]></system-err>
</testsuite>
